[TestNG] DEBUG  - Website Url : http://openfda.ventera.com/demo/index.html#/drugs/Selenium Hub : Target Browser : ffOS Version : 32bit
[TestNG] DEBUG  -  Name of current test : testLandingPage
[TestNG] DEBUG  - Website Url : http://openfda.ventera.com/demo/index.html#/drugs/Selenium Hub : Target Browser : ieOS Version : 32bit
[TestNG] DEBUG  -  Name of current test : testLandingPage
[TestNG] DEBUG  - Website Url : http://openfda.ventera.com/demo/index.html#/drugs/Selenium Hub : Target Browser : ffOS Version : 32bit
[TestNG] DEBUG  -  Name of current test : testLandingPage
[main] DEBUG  - Website Url : http://openfda.ventera.com/demo/index.html#/drugs/Selenium Hub : Target Browser : ffOS Version : 32bit
[main] DEBUG  -  Name of current test : testLandingPage
[TestNG] DEBUG  - Website Url : http://openfda.ventera.com/demo/index.html#/drugs/Selenium Hub : Target Browser : ffOS Version : 32bit
[TestNG] DEBUG  -  Name of current test : testLandingPage
[TestNG] DEBUG  - Website Url : http://openfda.ventera.com/demo/index.html#/drugs/Selenium Hub : Target Browser : ffOS Version : 32bit
[TestNG] DEBUG  -  Name of current test : testLandingPage
[main] DEBUG  - Website Url : http://openfda.ventera.com/demo/index.html#/drugs/Selenium Hub : Target Browser : ffOS Version : 32bit
[main] DEBUG  -  Name of current test : testLandingPage
[TestNG] DEBUG  - Website Url : http://openfda.ventera.com/demo/#/Selenium Hub : Target Browser : ffOS Version : 32bit
[TestNG] DEBUG  -  Name of current test : testLandingPage
[TestNG] DEBUG  - Website Url : http://openfda.ventera.com/demo/#/Selenium Hub : Target Browser : ffOS Version : 32bit
[TestNG] DEBUG  -  Name of current test : testLandingPage
[TestNG] DEBUG  - Website Url : http://openfda.ventera.com/demo/#/Selenium Hub : Target Browser : ffOS Version : 32bit
[TestNG] DEBUG  -  Name of current test : testLandingPage
[TestNG] DEBUG  - Website Url : http://openfda.ventera.com/demo/#/Selenium Hub : Target Browser : ffOS Version : 32bit
[TestNG] DEBUG  -  Name of current test : testLandingPage
[main] DEBUG  - Website Url : http://openfda.ventera.com/demo/#/Selenium Hub : Target Browser : ghostOS Version : 32bit
[main] DEBUG  -  Name of current test : testLandingPage
[main] DEBUG  - Website Url : http://openfda.ventera.com/demo/#/Selenium Hub : Target Browser : ghostOS Version : 32bit
[main] DEBUG  -  Name of current test : testLandingPage
[TestNG] DEBUG  - Website Url : http://openfda.ventera.com/demo/#/Selenium Hub : Target Browser : ghostOS Version : 32bit
[TestNG] DEBUG  -  Name of current test : testLandingPage
[TestNG] DEBUG  - Website Url : http://openfda.ventera.com/demo/#/Selenium Hub : Target Browser : ghostOS Version : 32bit
[TestNG] DEBUG  -  Name of current test : testLandingPage
[TestNG] DEBUG  - Website Url : http://openfda.ventera.com/demo/#/Selenium Hub : Target Browser : ffOS Version : 32bit
[TestNG] DEBUG  -  Name of current test : testLandingPage
[main] DEBUG  - Website Url : http://openfda.ventera.com/demo/#/Selenium Hub : Target Browser : ffOS Version : 32bit
[main] DEBUG  -  Name of current test : testLandingPage
[main] DEBUG  -  Name of current test : enterDrugDetails
[main] DEBUG  -  Name of current test : DrugReactionsAll
[main] DEBUG  -  Name of current test : DrugReactionsInUS
[main] DEBUG  -  Name of current test : DrugReactionsForFemale
[main] DEBUG  - Website Url : http://openfda.ventera.com/demo/#/Selenium Hub : Target Browser : ffOS Version : 32bit
[main] DEBUG  -  Name of current test : testLandingPage
[main] DEBUG  -  Name of current test : enterDrugDetails
[main] DEBUG  -  Name of current test : DrugReactionsAll
[main] DEBUG  -  Name of current test : DrugReactionsInUS
[main] DEBUG  -  Name of current test : DrugReactionsForFemale
[main] DEBUG  - Website Url : http://openfda.ventera.com/demo/#/Selenium Hub : Target Browser : ffOS Version : 32bit
[main] DEBUG  -  Name of current test : testLandingPage
[main] DEBUG  -  Name of current test : enterDrugDetails
[main] DEBUG  -  Name of current test : DrugReactionForMale
[main] DEBUG  -  Name of current test : DrugReactionsAll
[main] DEBUG  -  Name of current test : DrugReactionForOutcomeSerious
[main] DEBUG  - Website Url : http://openfda.ventera.com/demo/#/Selenium Hub : Target Browser : ffOS Version : 32bit
[main] DEBUG  -  Name of current test : testLandingPage
[main] DEBUG  - Website Url : http://openfda.ventera.com/demo/#/Selenium Hub : Target Browser : ffOS Version : 32bit
[main] DEBUG  -  Name of current test : testLandingPage
[main] DEBUG  -  Name of current test : DeleteDrug
[main] DEBUG  - Website Url : http://openfda.ventera.com/demo/#/Selenium Hub : Target Browser : ieOS Version : 32bit
[main] DEBUG  -  Name of current test : enterDrugDetails
[main] DEBUG  - Website Url : http://openfda.ventera.com/demo/#/Selenium Hub : Target Browser : ieOS Version : 32bit
[main] DEBUG  -  Name of current test : enterDrugDetails
[main] DEBUG  - Website Url : http://openfda.ventera.com/demo/#/Selenium Hub : Target Browser : ffOS Version : 32bit
[main] DEBUG  -  Name of current test : enterDrugDetails
[main] DEBUG  - Website Url : http://openfda.ventera.com/demo/#/Selenium Hub : Target Browser : ffOS Version : 32bit
[main] DEBUG  -  Name of current test : testLandingPage
[main] DEBUG  -  Name of current test : enterDrugDetails
[main] DEBUG  -  Name of current test : DrugReactionsAll
[main] DEBUG  -  Name of current test : DrugReactionsInUS
[main] DEBUG  -  Name of current test : DrugReactionsForFemale
[main] DEBUG  -  Name of current test : DrugReactionForMale
[main] DEBUG  -  Name of current test : DrugReactionForOutcomeSerious
[main] DEBUG  -  Name of current test : DeleteDrug
[TestNG] DEBUG  - Website Url : http://openfda.ventera.com/demo/#/Selenium Hub : Target Browser : ghostOS Version : 32bit
[TestNG] DEBUG  -  Name of current test : testLandingPage
[main] DEBUG  - Website Url : http://openfda.ventera.com/demo/#/Selenium Hub : Target Browser : ffOS Version : 32bit
[main] DEBUG  -  Name of current test : testLandingPage
[main] DEBUG  -  Name of current test : enterDrugDetails
[main] DEBUG  -  Name of current test : DrugReactionsAll
[main] DEBUG  -  Name of current test : DrugReactionsInUS
[TestNG] DEBUG  - Website Url : http://openfda.ventera.com/demo/#/Selenium Hub : Target Browser : ffOS Version : 32bit
[TestNG] DEBUG  -  Name of current test : testLandingPage
[main] DEBUG  - Website Url : http://openfdatest.ventera.com/webSelenium Hub : Target Browser : ffOS Version : 32bit
[main] DEBUG  -  Name of current test : testLandingPage
[main] DEBUG  - Website Url : http://openfdatest.ventera.com/webSelenium Hub : Target Browser : ffOS Version : 32bit
[main] DEBUG  -  Name of current test : testLandingPage
[main] DEBUG  - Website Url : http://openfdatest.ventera.com/webSelenium Hub : Target Browser : ffOS Version : 32bit
[main] DEBUG  -  Name of current test : testLandingPage
[main] DEBUG  - Website Url : http://openfdatest.ventera.com/webSelenium Hub : Target Browser : ffOS Version : 32bit
[main] DEBUG  -  Name of current test : enterDrugDetails
[main] DEBUG  - Website Url : http://openfdatest.ventera.com/webSelenium Hub : Target Browser : ffOS Version : 32bit
[main] DEBUG  -  Name of current test : testLandingPage
[main] DEBUG  - Website Url : http://openfdatest.ventera.com/webSelenium Hub : Target Browser : ffOS Version : 32bit
[main] DEBUG  -  Name of current test : testLandingPage
[main] DEBUG  - Website Url : http://openfdatest.ventera.com/webSelenium Hub : Target Browser : ffOS Version : 32bit
[main] DEBUG  -  Name of current test : enterDrugDetails
[main] DEBUG  - Website Url : http://openfdatest.ventera.com/webSelenium Hub : Target Browser : ffOS Version : 32bit
[main] DEBUG  -  Name of current test : enterDrugDetails
[main] DEBUG  - Website Url : http://openfdatest.ventera.com/webSelenium Hub : Target Browser : ffOS Version : 32bit
[main] DEBUG  -  Name of current test : testLandingPage
[main] DEBUG  - Website Url : http://openfdatest.ventera.com/webSelenium Hub : Target Browser : ffOS Version : 32bit
[main] DEBUG  -  Name of current test : enterDrugDetails
[main] DEBUG  - Website Url : http://openfdatest.ventera.com/webSelenium Hub : Target Browser : ffOS Version : 32bit
[main] DEBUG  -  Name of current test : DrugReactionsAll
[main] DEBUG  - Website Url : http://openfdatest.ventera.com/webSelenium Hub : Target Browser : ffOS Version : 32bit
[main] DEBUG  -  Name of current test : DrugReactionsInUS
[main] DEBUG  - Website Url : http://openfdatest.ventera.com/webSelenium Hub : Target Browser : ffOS Version : 32bit
[main] DEBUG  -  Name of current test : DrugReactionsForFemale
[main] DEBUG  - Website Url : http://openfdatest.ventera.com/webSelenium Hub : Target Browser : ffOS Version : 32bit
[main] DEBUG  -  Name of current test : DrugReactionsForFemale
[main] DEBUG  - Website Url : http://openfdatest.ventera.com/webSelenium Hub : Target Browser : ffOS Version : 32bit
[main] DEBUG  -  Name of current test : DrugReactionsForFemale
[main] DEBUG  - Website Url : http://openfdatest.ventera.com/webSelenium Hub : Target Browser : ffOS Version : 32bit
[main] DEBUG  -  Name of current test : testLandingPage
[TestNG] DEBUG  - Website Url : http://openfdatest.ventera.com/webSelenium Hub : Target Browser : ffOS Version : 32bit
[TestNG] DEBUG  -  Name of current test : testLandingPage
[TestNG] DEBUG  - Website Url : http://openfdatest.ventera.com/webSelenium Hub : Target Browser : ffOS Version : 32bit
[TestNG] DEBUG  -  Name of current test : testLandingPage
[main] DEBUG  - Website Url : http://openfdatest.ventera.com/webSelenium Hub : Target Browser : ghostOS Version : 32bit
[main] DEBUG  -  Name of current test : testLandingPage
[main] DEBUG  - Website Url : http://openfdatest.ventera.com/webSelenium Hub : Target Browser : ffOS Version : 32bit
[main] DEBUG  -  Name of current test : testLandingPage
[main] DEBUG  - Website Url : http://openfdatest.ventera.com/webSelenium Hub : Target Browser : ffOS Version : 32bit
[main] DEBUG  -  Name of current test : testLandingPage
[main] DEBUG  - Website Url : http://openfdatest.ventera.com/webSelenium Hub : Target Browser : ffOS Version : 32bit
[main] DEBUG  -  Name of current test : enterDrugDetails
[main] DEBUG  - Website Url : http://openfdatest.ventera.com/webSelenium Hub : Target Browser : ffOS Version : 32bit
[main] DEBUG  -  Name of current test : DrugReactionsAll
[main] DEBUG  - Website Url : http://openfdatest.ventera.com/webSelenium Hub : Target Browser : ffOS Version : 32bit
[main] DEBUG  -  Name of current test : DrugReactionsInUS
[main] DEBUG  - Website Url : http://openfdatest.ventera.com/webSelenium Hub : Target Browser : ffOS Version : 32bit
[main] DEBUG  -  Name of current test : DrugReactionsInUS
[main] DEBUG  - Website Url : http://openfdatest.ventera.com/webSelenium Hub : Target Browser : ffOS Version : 32bit
[main] DEBUG  -  Name of current test : DrugReactionsForFemale
[main] DEBUG  - Website Url : http://openfdatest.ventera.com/webSelenium Hub : Target Browser : ffOS Version : 32bit
[main] DEBUG  -  Name of current test : DrugReactionsForFemale
[main] DEBUG  - Website Url : http://openfdatest.ventera.com/webSelenium Hub : Target Browser : ffOS Version : 32bit
[main] DEBUG  -  Name of current test : DrugReactionForMale
[main] DEBUG  - Website Url : http://openfdatest.ventera.com/webSelenium Hub : Target Browser : ffOS Version : 32bit
[main] DEBUG  -  Name of current test : DrugReactionForOutcomeSerious
[TestNG] DEBUG  - Website Url : http://openfdatest.ventera.com/webSelenium Hub : Target Browser : ffOS Version : 32bit
[TestNG] DEBUG  -  Name of current test : testLandingPage
[TestNG] DEBUG  - Website Url : http://openfdatest.ventera.com/webSelenium Hub : Target Browser : ffOS Version : 32bit
[TestNG] DEBUG  -  Name of current test : testLandingPage
[TestNG] DEBUG  - Website Url : http://openfdatest.ventera.com/webSelenium Hub : Target Browser : ffOS Version : 32bit
[TestNG] DEBUG  -  Name of current test : testLandingPage
[TestNG] DEBUG  - Website Url : http://openfdatest.ventera.com/webSelenium Hub : Target Browser : ffOS Version : 32bit
[TestNG] DEBUG  -  Name of current test : enterDrugDetails
[TestNG] DEBUG  - Website Url : http://openfdatest.ventera.com/webSelenium Hub : Target Browser : ffOS Version : 32bit
[TestNG] DEBUG  -  Name of current test : DrugReactionsAll
[TestNG] DEBUG  - Website Url : http://openfdatest.ventera.com/webSelenium Hub : Target Browser : ffOS Version : 32bit
[TestNG] DEBUG  -  Name of current test : DrugReactionsInUS
[TestNG] DEBUG  - Website Url : http://openfdatest.ventera.com/webSelenium Hub : Target Browser : ffOS Version : 32bit
[TestNG] DEBUG  -  Name of current test : testLandingPage
[TestNG] DEBUG  - Website Url : http://openfdatest.ventera.com/webSelenium Hub : Target Browser : ffOS Version : 32bit
[TestNG] DEBUG  -  Name of current test : DrugReactionsAll
[TestNG] DEBUG  - Website Url : http://openfdatest.ventera.com/webSelenium Hub : Target Browser : ffOS Version : 32bit
[TestNG] DEBUG  -  Name of current test : DrugReactionsInUS
[main] DEBUG  - Website Url : http://openfdatest.ventera.com/webSelenium Hub : Target Browser : ffOS Version : 32bit
[main] DEBUG  -  Name of current test : DeleteDrug
[TestNG] DEBUG  - Website Url : http://openfdatest.ventera.com/webSelenium Hub : Target Browser : ffOS Version : 32bit
[TestNG] DEBUG  -  Name of current test : testLandingPage
[TestNG] DEBUG  - Website Url : http://openfdatest.ventera.com/webSelenium Hub : Target Browser : ffOS Version : 32bit
[TestNG] DEBUG  -  Name of current test : enterDrugDetails
[TestNG] DEBUG  - Website Url : http://openfdatest.ventera.com/webSelenium Hub : Target Browser : ffOS Version : 32bit
[TestNG] DEBUG  -  Name of current test : DrugReactionsAll
[TestNG] DEBUG  - Website Url : http://openfdatest.ventera.com/webSelenium Hub : Target Browser : ffOS Version : 32bit
[TestNG] DEBUG  -  Name of current test : DrugReactionsInUS
[TestNG] DEBUG  - Website Url : http://openfdatest.ventera.com/webSelenium Hub : Target Browser : ffOS Version : 32bit
[TestNG] DEBUG  -  Name of current test : DeleteDrug
[TestNG] DEBUG  - Website Url : http://openfdatest.ventera.com/webSelenium Hub : Target Browser : ffOS Version : 32bit
[TestNG] DEBUG  -  Name of current test : DrugReactionsForFemale
[TestNG] DEBUG  - Website Url : http://openfdatest.ventera.com/webSelenium Hub : Target Browser : ffOS Version : 32bit
[TestNG] DEBUG  -  Name of current test : DrugReactionForMale
[TestNG] DEBUG  - Website Url : http://openfdatest.ventera.com/webSelenium Hub : Target Browser : ffOS Version : 32bit
[TestNG] DEBUG  -  Name of current test : testLandingPage
[TestNG] DEBUG  - Website Url : http://openfdatest.ventera.com/webSelenium Hub : Target Browser : ffOS Version : 32bit
[TestNG] DEBUG  -  Name of current test : enterDrugDetails
[TestNG] DEBUG  - Website Url : http://openfdatest.ventera.com/webSelenium Hub : Target Browser : ffOS Version : 32bit
[TestNG] DEBUG  -  Name of current test : DrugReactionsAll
[TestNG] DEBUG  - Website Url : http://openfdatest.ventera.com/webSelenium Hub : Target Browser : ffOS Version : 32bit
[TestNG] DEBUG  -  Name of current test : DrugReactionsInUS
[TestNG] DEBUG  - Website Url : http://openfdatest.ventera.com/webSelenium Hub : Target Browser : ffOS Version : 32bit
[TestNG] DEBUG  -  Name of current test : DeleteDrug
[TestNG] DEBUG  - Website Url : http://openfdatest.ventera.com/webSelenium Hub : Target Browser : ffOS Version : 32bit
[TestNG] DEBUG  -  Name of current test : DrugReactionForMale
[TestNG] DEBUG  - Website Url : http://openfdatest.ventera.com/webSelenium Hub : Target Browser : ffOS Version : 32bit
[TestNG] DEBUG  -  Name of current test : DrugReactionsForFemale
[TestNG] DEBUG  - Website Url : http://openfdatest.ventera.com/webSelenium Hub : Target Browser : ffOS Version : 32bit
[TestNG] DEBUG  -  Name of current test : DrugReactionForMale
[TestNG] DEBUG  - Website Url : http://openfdatest.ventera.com/webSelenium Hub : Target Browser : ffOS Version : 32bit
[TestNG] DEBUG  -  Name of current test : DrugReactionsForFemale
[TestNG] DEBUG  - Website Url : http://openfdatest.ventera.com/webSelenium Hub : Target Browser : ghostOS Version : 32bit
[TestNG] DEBUG  -  Name of current test : testLandingPage
[TestNG] DEBUG  - Website Url : http://openfdatest.ventera.com/webSelenium Hub : Target Browser : ghostOS Version : 32bit
[TestNG] DEBUG  -  Name of current test : enterDrugDetails
[TestNG] DEBUG  - Website Url : http://openfdatest.ventera.com/webSelenium Hub : Target Browser : ghostOS Version : 32bit
[TestNG] DEBUG  -  Name of current test : DrugReactionsAll
[TestNG] DEBUG  - Website Url : http://openfdatest.ventera.com/webSelenium Hub : Target Browser : ghostOS Version : 32bit
[TestNG] DEBUG  -  Name of current test : DrugReactionsInUS
[TestNG] DEBUG  - Website Url : http://openfdatest.ventera.com/webSelenium Hub : Target Browser : ghostOS Version : 32bit
[TestNG] DEBUG  -  Name of current test : DeleteDrug
[TestNG] DEBUG  - Website Url : http://openfdatest.ventera.com/webSelenium Hub : Target Browser : ghostOS Version : 32bit
[TestNG] DEBUG  -  Name of current test : DrugReactionsForFemale
[TestNG] DEBUG  - Website Url : http://openfdatest.ventera.com/webSelenium Hub : Target Browser : ghostOS Version : 32bit
[TestNG] DEBUG  -  Name of current test : DrugReactionForMale
[main] DEBUG  - Website Url : http://openfdatest.ventera.com/webSelenium Hub : Target Browser : ghostOS Version : 32bit
[main] DEBUG  -  Name of current test : DrugReactionsAll
[main] DEBUG  - Website Url : http://openfdatest.ventera.com/webSelenium Hub : Target Browser : ghostOS Version : 32bit
[main] DEBUG  -  Name of current test : testLandingPage
[TestNG] DEBUG  - Website Url : http://openfdatest.ventera.com/webSelenium Hub : Target Browser : ffOS Version : 32bit
[TestNG] DEBUG  -  Name of current test : testLandingPage
[TestNG] DEBUG  - Website Url : http://openfdatest.ventera.com/webSelenium Hub : Target Browser : ffOS Version : 32bit
[TestNG] DEBUG  -  Name of current test : enterDrugDetails
[TestNG] DEBUG  - Website Url : http://openfdatest.ventera.com/webSelenium Hub : Target Browser : ffOS Version : 32bit
[TestNG] DEBUG  -  Name of current test : DrugReactionsAll
[TestNG] DEBUG  - Website Url : http://openfdatest.ventera.com/webSelenium Hub : Target Browser : ffOS Version : 32bit
[TestNG] DEBUG  -  Name of current test : DrugReactionsInUS
[TestNG] DEBUG  - Website Url : http://openfdatest.ventera.com/webSelenium Hub : Target Browser : ffOS Version : 32bit
[TestNG] DEBUG  -  Name of current test : DeleteDrug
[TestNG] DEBUG  - Website Url : http://openfdatest.ventera.com/webSelenium Hub : Target Browser : ffOS Version : 32bit
[TestNG] DEBUG  -  Name of current test : DrugReactionsForFemale
[TestNG] DEBUG  - Website Url : http://openfdatest.ventera.com/webSelenium Hub : Target Browser : ffOS Version : 32bit
[TestNG] DEBUG  -  Name of current test : DrugReactionForMale
[TestNG] DEBUG  - Website Url : http://openfdatest.ventera.com/webSelenium Hub : Target Browser : ffOS Version : 32bit
[TestNG] DEBUG  -  Name of current test : testLandingPage
[TestNG] DEBUG  - Website Url : http://openfdatest.ventera.com/webSelenium Hub : Target Browser : ffOS Version : 32bit
[TestNG] DEBUG  -  Name of current test : enterDrugDetails
[TestNG] DEBUG  - Website Url : http://openfdatest.ventera.com/webSelenium Hub : Target Browser : ffOS Version : 32bit
[TestNG] DEBUG  -  Name of current test : DrugReactionsAll
[TestNG] DEBUG  - Website Url : http://openfdatest.ventera.com/webSelenium Hub : Target Browser : ffOS Version : 32bit
[TestNG] DEBUG  -  Name of current test : DrugReactionsInUS
[TestNG] DEBUG  - Website Url : http://openfdatest.ventera.com/webSelenium Hub : Target Browser : ffOS Version : 32bit
[TestNG] DEBUG  -  Name of current test : DeleteDrug
[TestNG] DEBUG  - Website Url : http://openfdatest.ventera.com/webSelenium Hub : Target Browser : ffOS Version : 32bit
[TestNG] DEBUG  -  Name of current test : DrugReactionsForFemale
[TestNG] DEBUG  - Website Url : http://openfdatest.ventera.com/webSelenium Hub : Target Browser : ffOS Version : 32bit
[TestNG] DEBUG  -  Name of current test : DrugReactionForMale
[main] DEBUG  - Website Url : http://openfdatest.ventera.com/webSelenium Hub : Target Browser : ffOS Version : 32bit
[main] DEBUG  -  Name of current test : testLandingPage
[main] DEBUG  - Website Url : http://openfdatest.ventera.com/webSelenium Hub : Target Browser : ffOS Version : 32bit
[main] DEBUG  -  Name of current test : testLandingPage
[main] DEBUG  - Website Url : http://openfdatest.ventera.com/webSelenium Hub : Target Browser : ffOS Version : 32bit
[main] DEBUG  -  Name of current test : testLandingPage
[main] DEBUG  - Website Url : http://openfdatest.ventera.com/webSelenium Hub : Target Browser : ffOS Version : 32bit
[main] DEBUG  -  Name of current test : enterDrugDetails
[main] DEBUG  - Website Url : http://openfdatest.ventera.com/webSelenium Hub : Target Browser : ffOS Version : 32bit
[main] DEBUG  -  Name of current test : DrugReactionsAll
[main] DEBUG  - Website Url : http://openfdatest.ventera.com/webSelenium Hub : Target Browser : ffOS Version : 32bit
[main] DEBUG  -  Name of current test : DrugReactionsAll
[main] DEBUG  - Website Url : http://openfdatest.ventera.com/webSelenium Hub : Target Browser : ffOS Version : 32bit
[main] DEBUG  -  Name of current test : DrugReactionsInUS
[main] DEBUG  - Website Url : http://openfdatest.ventera.com/webSelenium Hub : Target Browser : ffOS Version : 32bit
[main] DEBUG  -  Name of current test : DrugReactionsInUS
[main] DEBUG  - Website Url : http://openfdatest.ventera.com/webSelenium Hub : Target Browser : ffOS Version : 32bit
[main] DEBUG  -  Name of current test : DrugReactionsForFemale
[main] DEBUG  - Website Url : http://openfdatest.ventera.com/webSelenium Hub : Target Browser : ffOS Version : 32bit
[main] DEBUG  -  Name of current test : DrugReactionsForFemale
[main] DEBUG  - Website Url : http://openfdatest.ventera.com/webSelenium Hub : Target Browser : ffOS Version : 32bit
[main] DEBUG  -  Name of current test : DrugReactionForMale
[main] DEBUG  - Website Url : http://openfdatest.ventera.com/webSelenium Hub : Target Browser : ffOS Version : 32bit
[main] DEBUG  -  Name of current test : DrugReactionForMale
[main] DEBUG  - Website Url : http://openfdatest.ventera.com/webSelenium Hub : Target Browser : ffOS Version : 32bit
[main] DEBUG  -  Name of current test : DrugReactionsAll
[main] DEBUG  - Website Url : http://openfdatest.ventera.com/webSelenium Hub : Target Browser : ffOS Version : 32bit
[main] DEBUG  -  Name of current test : DrugReactionsAll
[main] DEBUG  - Website Url : http://openfdatest.ventera.com/webSelenium Hub : Target Browser : ffOS Version : 32bit
[main] DEBUG  -  Name of current test : DrugReactionsAll
[main] DEBUG  - Website Url : http://openfdatest.ventera.com/webSelenium Hub : Target Browser : ffOS Version : 32bit
[main] DEBUG  -  Name of current test : DrugReactionsInUS
[main] DEBUG  - Website Url : http://openfdatest.ventera.com/webSelenium Hub : Target Browser : ffOS Version : 32bit
[main] DEBUG  -  Name of current test : DrugReactionsForFemale
[main] DEBUG  - Website Url : http://openfdatest.ventera.com/webSelenium Hub : Target Browser : ffOS Version : 32bit
[main] DEBUG  -  Name of current test : DrugReactionsForFemale
[main] DEBUG  - Website Url : http://openfdatest.ventera.com/webSelenium Hub : Target Browser : ffOS Version : 32bit
[main] DEBUG  -  Name of current test : DrugReactionForMale
[main] DEBUG  - Website Url : http://openfdatest.ventera.com/webSelenium Hub : Target Browser : ffOS Version : 32bit
[main] DEBUG  -  Name of current test : DrugReactionForOutcomeSerious
[main] DEBUG  - Website Url : http://openfdatest.ventera.com/webSelenium Hub : Target Browser : ffOS Version : 32bit
[main] DEBUG  -  Name of current test : DeleteDrug
[main] DEBUG  - Website Url : http://openfdatest.ventera.com/webSelenium Hub : Target Browser : ffOS Version : 32bit
[main] DEBUG  -  Name of current test : DeleteDrug
[main] DEBUG  - Website Url : http://openfdatest.ventera.com/webSelenium Hub : Target Browser : ffOS Version : 32bit
[main] DEBUG  -  Name of current test : DrugReactionsInUS
[main] DEBUG  - Website Url : http://openfdatest.ventera.com/webSelenium Hub : Target Browser : ffOS Version : 32bit
[main] DEBUG  -  Name of current test : DrugReactionForOutcomeSerious
[main] DEBUG  - Website Url : http://openfdatest.ventera.com/webSelenium Hub : Target Browser : ffOS Version : 32bit
[main] DEBUG  -  Name of current test : DrugReactionsInUS
[main] DEBUG  - Website Url : http://openfdatest.ventera.com/webSelenium Hub : Target Browser : ffOS Version : 32bit
[main] DEBUG  -  Name of current test : DrugReactionsInUS
[main] DEBUG  - Website Url : http://openfdatest.ventera.com/webSelenium Hub : Target Browser : ffOS Version : 32bit
[main] DEBUG  -  Name of current test : testLandingPage
[main] DEBUG  -  Name of current test : enterDrugDetails
[main] DEBUG  - Website Url : http://openfdatest.ventera.com/webSelenium Hub : Target Browser : ffOS Version : 32bit
[main] DEBUG  -  Name of current test : testLandingPage
[main] DEBUG  -  Name of current test : enterDrugDetails
[main] DEBUG  -  Name of current test : DrugReactionsAll
[main] DEBUG  -  Name of current test : DrugReactionsAll
[main] DEBUG  -  Name of current test : DrugReactionsInUS
[TestNG] DEBUG  - Website Url : http://openfdatest.ventera.com/webSelenium Hub : Target Browser : ffOS Version : 32bit
[TestNG] DEBUG  -  Name of current test : testLandingPage
[TestNG] DEBUG  - Website Url : http://openfdatest.ventera.com/webSelenium Hub : Target Browser : ffOS Version : 32bit
[TestNG] DEBUG  -  Name of current test : enterDrugDetails
[TestNG] DEBUG  - Website Url : http://openfdatest.ventera.com/webSelenium Hub : Target Browser : ffOS Version : 32bit
[TestNG] DEBUG  -  Name of current test : testLandingPage
[TestNG] DEBUG  - Website Url : http://openfdatest.ventera.com/webSelenium Hub : Target Browser : ffOS Version : 32bit
[TestNG] DEBUG  -  Name of current test : enterDrugDetails
[TestNG] DEBUG  - Website Url : http://openfdatest.ventera.com/webSelenium Hub : Target Browser : ffOS Version : 32bit
[TestNG] DEBUG  -  Name of current test : DrugReactionsAll
[TestNG] DEBUG  - Website Url : http://openfdatest.ventera.com/webSelenium Hub : Target Browser : ffOS Version : 32bit
[TestNG] DEBUG  -  Name of current test : DrugReactionsInUS
[TestNG] DEBUG  - Website Url : http://openfdatest.ventera.com/webSelenium Hub : Target Browser : ffOS Version : 32bit
[TestNG] DEBUG  -  Name of current test : DeleteDrug
[TestNG] DEBUG  - Website Url : http://openfdatest.ventera.com/webSelenium Hub : Target Browser : ffOS Version : 32bit
[TestNG] DEBUG  -  Name of current test : DrugReactionsForFemale
[TestNG] DEBUG  - Website Url : http://openfdatest.ventera.com/webSelenium Hub : Target Browser : ffOS Version : 32bit
[TestNG] DEBUG  -  Name of current test : DrugReactionForMale
[TestNG] DEBUG  - Website Url : http://openfdatest.ventera.com/webSelenium Hub : Target Browser : ffOS Version : 32bit
[TestNG] DEBUG  -  Name of current test : testLandingPage
[TestNG] DEBUG  - Website Url : http://openfdatest.ventera.com/webSelenium Hub : Target Browser : ffOS Version : 32bit
[TestNG] DEBUG  -  Name of current test : enterDrugDetails
[TestNG] DEBUG  - Website Url : http://openfdatest.ventera.com/webSelenium Hub : Target Browser : ffOS Version : 32bit
[TestNG] DEBUG  -  Name of current test : DrugReactionsAll
[TestNG] DEBUG  - Website Url : http://openfdatest.ventera.com/webSelenium Hub : Target Browser : ffOS Version : 32bit
[TestNG] DEBUG  -  Name of current test : DrugReactionsInUS
[TestNG] DEBUG  - Website Url : http://openfdatest.ventera.com/webSelenium Hub : Target Browser : ffOS Version : 32bit
[TestNG] DEBUG  -  Name of current test : DeleteDrug
[TestNG] DEBUG  - Website Url : http://openfdatest.ventera.com/webSelenium Hub : Target Browser : ffOS Version : 32bit
[TestNG] DEBUG  -  Name of current test : DrugReactionsForFemale
[TestNG] DEBUG  - Website Url : http://openfdatest.ventera.com/webSelenium Hub : Target Browser : ffOS Version : 32bit
[TestNG] DEBUG  -  Name of current test : DrugReactionForMale
[TestNG] DEBUG  - Website Url : http://openfdatest.ventera.com/webSelenium Hub : Target Browser : ieOS Version : 32bit
[TestNG] DEBUG  -  Name of current test : testLandingPage
[TestNG] DEBUG  - Website Url : http://openfdatest.ventera.com/webSelenium Hub : Target Browser : ieOS Version : 32bit
[TestNG] DEBUG  -  Name of current test : enterDrugDetails
[TestNG] DEBUG  - Website Url : http://openfdatest.ventera.com/webSelenium Hub : Target Browser : ieOS Version : 32bit
[TestNG] DEBUG  -  Name of current test : DrugReactionsAll
[TestNG] DEBUG  - Website Url : http://openfdatest.ventera.com/webSelenium Hub : Target Browser : ieOS Version : 32bit
[TestNG] DEBUG  -  Name of current test : DrugReactionsInUS
[TestNG] DEBUG  - Website Url : http://openfdatest.ventera.com/webSelenium Hub : Target Browser : ieOS Version : 32bit
[TestNG] DEBUG  -  Name of current test : DeleteDrug
[TestNG] DEBUG  - Website Url : http://openfdatest.ventera.com/webSelenium Hub : Target Browser : ieOS Version : 32bit
[TestNG] DEBUG  -  Name of current test : DrugReactionsForFemale
[TestNG] DEBUG  - Website Url : http://openfdatest.ventera.com/webSelenium Hub : Target Browser : ieOS Version : 32bit
[TestNG] DEBUG  -  Name of current test : DrugReactionForMale
[TestNG] DEBUG  - Website Url : http://openfdatest.ventera.com/webSelenium Hub : Target Browser : ieOS Version : 32bit
[TestNG] DEBUG  -  Name of current test : testLandingPage
[TestNG] DEBUG  - Website Url : http://openfdatest.ventera.com/webSelenium Hub : Target Browser : ieOS Version : 32bit
[TestNG] DEBUG  -  Name of current test : enterDrugDetails
[TestNG] DEBUG  - Website Url : http://openfdatest.ventera.com/webSelenium Hub : Target Browser : ieOS Version : 32bit
[TestNG] DEBUG  -  Name of current test : DrugReactionsAll
[TestNG] DEBUG  - Website Url : http://openfdatest.ventera.com/webSelenium Hub : Target Browser : ieOS Version : 32bit
[TestNG] DEBUG  -  Name of current test : DrugReactionsInUS
[TestNG] DEBUG  - Website Url : http://openfdatest.ventera.com/webSelenium Hub : Target Browser : ieOS Version : 32bit
[TestNG] DEBUG  -  Name of current test : DeleteDrug
[TestNG] DEBUG  - Website Url : http://openfdatest.ventera.com/webSelenium Hub : Target Browser : ieOS Version : 32bit
[TestNG] DEBUG  -  Name of current test : DrugReactionsForFemale
[TestNG] DEBUG  - Website Url : http://openfdatest.ventera.com/webSelenium Hub : Target Browser : ieOS Version : 32bit
[TestNG] DEBUG  -  Name of current test : DrugReactionForMale
[TestNG] DEBUG  - Website Url : http://openfdatest.ventera.com/webSelenium Hub : Target Browser : ghostOS Version : 32bit
[TestNG] DEBUG  -  Name of current test : testLandingPage
[TestNG] DEBUG  - Website Url : http://openfdatest.ventera.com/webSelenium Hub : Target Browser : ghostOS Version : 32bit
[TestNG] DEBUG  -  Name of current test : enterDrugDetails
[TestNG] DEBUG  - Website Url : http://openfdatest.ventera.com/webSelenium Hub : Target Browser : ghostOS Version : 32bit
[TestNG] DEBUG  -  Name of current test : DrugReactionsAll
[TestNG] DEBUG  - Website Url : http://openfdatest.ventera.com/webSelenium Hub : Target Browser : ghostOS Version : 32bit
[TestNG] DEBUG  -  Name of current test : DrugReactionsInUS
[TestNG] DEBUG  - Website Url : http://openfdatest.ventera.com/webSelenium Hub : Target Browser : ghostOS Version : 32bit
[TestNG] DEBUG  -  Name of current test : DeleteDrug
[TestNG] DEBUG  - Website Url : http://openfdatest.ventera.com/webSelenium Hub : Target Browser : ghostOS Version : 32bit
[TestNG] DEBUG  -  Name of current test : DrugReactionsForFemale
[TestNG] DEBUG  - Website Url : http://openfdatest.ventera.com/webSelenium Hub : Target Browser : ghostOS Version : 32bit
[TestNG] DEBUG  -  Name of current test : DrugReactionForMale
[TestNG] DEBUG  - Website Url : http://openfdatest.ventera.com/web/#/Selenium Hub : Target Browser : ghostOS Version : 32bit
[TestNG] DEBUG  -  Name of current test : testLandingPage
[TestNG] DEBUG  - Website Url : http://openfdatest.ventera.com/web/#/Selenium Hub : Target Browser : ghostOS Version : 32bit
[TestNG] DEBUG  -  Name of current test : enterDrugDetails
[TestNG] DEBUG  - Website Url : http://openfdatest.ventera.com/web/#/Selenium Hub : Target Browser : ghostOS Version : 32bit
[TestNG] DEBUG  -  Name of current test : DrugReactionsAll
[TestNG] DEBUG  - Website Url : http://openfdatest.ventera.com/web/#/Selenium Hub : Target Browser : ghostOS Version : 32bit
[TestNG] DEBUG  -  Name of current test : DrugReactionsInUS
[TestNG] DEBUG  - Website Url : http://openfdatest.ventera.com/web/#/Selenium Hub : Target Browser : ghostOS Version : 32bit
[TestNG] DEBUG  -  Name of current test : DeleteDrug
[TestNG] DEBUG  - Website Url : http://openfdatest.ventera.com/web/#/Selenium Hub : Target Browser : ghostOS Version : 32bit
[TestNG] DEBUG  -  Name of current test : DrugReactionsForFemale
[TestNG] DEBUG  - Website Url : http://openfdatest.ventera.com/web/#/Selenium Hub : Target Browser : ghostOS Version : 32bit
[TestNG] DEBUG  -  Name of current test : DrugReactionForMale
[TestNG] DEBUG  - Website Url : http://openfdatest.ventera.com/web/#/Selenium Hub : Target Browser : ghostOS Version : 32bit
[TestNG] DEBUG  -  Name of current test : testLandingPage
[TestNG] DEBUG  - Website Url : http://openfdatest.ventera.com/web/#/Selenium Hub : Target Browser : ghostOS Version : 32bit
[TestNG] DEBUG  -  Name of current test : enterDrugDetails
[TestNG] DEBUG  - Website Url : http://openfdatest.ventera.com/web/#/Selenium Hub : Target Browser : ghostOS Version : 32bit
[TestNG] DEBUG  -  Name of current test : DrugReactionsAll
[TestNG] DEBUG  - Website Url : http://openfdatest.ventera.com/web/#/Selenium Hub : Target Browser : ghostOS Version : 32bit
[TestNG] DEBUG  -  Name of current test : DrugReactionsInUS
[TestNG] DEBUG  - Website Url : http://openfdatest.ventera.com/web/#/Selenium Hub : Target Browser : ghostOS Version : 32bit
[TestNG] DEBUG  -  Name of current test : DeleteDrug
[TestNG] DEBUG  - Website Url : http://openfdatest.ventera.com/web/#/Selenium Hub : Target Browser : ghostOS Version : 32bit
[TestNG] DEBUG  -  Name of current test : DrugReactionsForFemale
[TestNG] DEBUG  - Website Url : http://openfdatest.ventera.com/web/#/Selenium Hub : Target Browser : ghostOS Version : 32bit
[TestNG] DEBUG  -  Name of current test : DrugReactionForMale
[TestNG] DEBUG  - Website Url : http://openfdatest.ventera.com/web/#/Selenium Hub : Target Browser : ghostOS Version : 32bit
[TestNG] DEBUG  -  Name of current test : testLandingPage
[TestNG] DEBUG  - Website Url : http://openfdatest.ventera.com/web/#/Selenium Hub : Target Browser : ghostOS Version : 32bit
[TestNG] DEBUG  -  Name of current test : enterDrugDetails
[TestNG] DEBUG  - Website Url : http://openfdatest.ventera.com/web/#/Selenium Hub : Target Browser : ghostOS Version : 32bit
[TestNG] DEBUG  -  Name of current test : DrugReactionsAll
[TestNG] DEBUG  - Website Url : http://openfdatest.ventera.com/web/#/Selenium Hub : Target Browser : ghostOS Version : 32bit
[TestNG] DEBUG  -  Name of current test : DrugReactionsInUS
[TestNG] DEBUG  - Website Url : http://openfdatest.ventera.com/web/#/Selenium Hub : Target Browser : ghostOS Version : 32bit
[TestNG] DEBUG  -  Name of current test : DeleteDrug
[TestNG] DEBUG  - Website Url : http://openfdatest.ventera.com/web/#/Selenium Hub : Target Browser : ghostOS Version : 32bit
[TestNG] DEBUG  -  Name of current test : DrugReactionsForFemale
[TestNG] DEBUG  - Website Url : http://openfdatest.ventera.com/web/#/Selenium Hub : Target Browser : ghostOS Version : 32bit
[TestNG] DEBUG  -  Name of current test : DrugReactionForMale
[TestNG] DEBUG  - Website Url : http://openfdatest.ventera.com/web/#/Selenium Hub : Target Browser : ffOS Version : 32bit
[TestNG] DEBUG  -  Name of current test : testLandingPage
[TestNG] DEBUG  - Website Url : http://openfdatest.ventera.com/web/#/Selenium Hub : Target Browser : ffOS Version : 32bit
[TestNG] DEBUG  -  Name of current test : enterDrugDetails
[TestNG] DEBUG  - Website Url : http://openfdatest.ventera.com/web/#/Selenium Hub : Target Browser : ffOS Version : 32bit
[TestNG] DEBUG  -  Name of current test : DrugReactionsAll
[TestNG] DEBUG  - Website Url : http://openfdatest.ventera.com/web/#/Selenium Hub : Target Browser : ffOS Version : 32bit
[TestNG] DEBUG  -  Name of current test : DrugReactionsInUS
[TestNG] DEBUG  - Website Url : http://openfdatest.ventera.com/web/#/Selenium Hub : Target Browser : ffOS Version : 32bit
[TestNG] DEBUG  -  Name of current test : DeleteDrug
[TestNG] DEBUG  - Website Url : http://openfdatest.ventera.com/web/#/Selenium Hub : Target Browser : ffOS Version : 32bit
[TestNG] DEBUG  -  Name of current test : DrugReactionsForFemale
[TestNG] DEBUG  - Website Url : http://openfdatest.ventera.com/web/#/Selenium Hub : Target Browser : ffOS Version : 32bit
[TestNG] DEBUG  -  Name of current test : DrugReactionForMale
[TestNG] DEBUG  - Website Url : http://openfdatest.ventera.com/web/#/Selenium Hub : Target Browser : ffOS Version : 32bit
[TestNG] DEBUG  -  Name of current test : testLandingPage
[TestNG] DEBUG  - Website Url : http://openfdatest.ventera.com/web/#/Selenium Hub : Target Browser : ffOS Version : 32bit
[TestNG] DEBUG  -  Name of current test : enterDrugDetails
[TestNG] DEBUG  - Website Url : http://openfdatest.ventera.com/web/#/Selenium Hub : Target Browser : ffOS Version : 32bit
[TestNG] DEBUG  -  Name of current test : DrugReactionsAll
[TestNG] DEBUG  - Website Url : http://openfdatest.ventera.com/web/#/Selenium Hub : Target Browser : ffOS Version : 32bit
[TestNG] DEBUG  -  Name of current test : DrugReactionsInUS
[TestNG] DEBUG  - Website Url : http://openfdatest.ventera.com/web/#/Selenium Hub : Target Browser : ffOS Version : 32bit
[TestNG] DEBUG  -  Name of current test : DeleteDrug
[TestNG] DEBUG  - Website Url : http://openfdatest.ventera.com/web/#/Selenium Hub : Target Browser : ffOS Version : 32bit
[TestNG] DEBUG  -  Name of current test : DrugReactionsForFemale
[TestNG] DEBUG  - Website Url : http://openfdatest.ventera.com/web/#/Selenium Hub : Target Browser : ffOS Version : 32bit
[TestNG] DEBUG  -  Name of current test : DrugReactionForMale
[TestNG] DEBUG  - Website Url : http://openfdatest.ventera.com/web/#/Selenium Hub : Target Browser : ghostOS Version : 32bit
[TestNG] DEBUG  -  Name of current test : testLandingPage
[TestNG] DEBUG  - Website Url : http://openfdatest.ventera.com/web/#/Selenium Hub : Target Browser : ghostOS Version : 32bit
[TestNG] DEBUG  -  Name of current test : enterDrugDetails
[TestNG] DEBUG  - Website Url : http://openfdatest.ventera.com/web/#/Selenium Hub : Target Browser : ghostOS Version : 32bit
[TestNG] DEBUG  -  Name of current test : DrugReactionsAll
[TestNG] DEBUG  - Website Url : http://openfdatest.ventera.com/web/#/Selenium Hub : Target Browser : ghostOS Version : 32bit
[TestNG] DEBUG  -  Name of current test : DrugReactionsInUS
[TestNG] DEBUG  - Website Url : http://openfdatest.ventera.com/web/#/Selenium Hub : Target Browser : ghostOS Version : 32bit
[TestNG] DEBUG  -  Name of current test : DeleteDrug
[TestNG] DEBUG  - Website Url : http://openfdatest.ventera.com/web/#/Selenium Hub : Target Browser : ghostOS Version : 32bit
[TestNG] DEBUG  -  Name of current test : DrugReactionsForFemale
[TestNG] DEBUG  - Website Url : http://openfdatest.ventera.com/web/#/Selenium Hub : Target Browser : ghostOS Version : 32bit
[TestNG] DEBUG  -  Name of current test : DrugReactionForMale
[main] DEBUG  - Website Url : http://openfdatest.ventera.com/web/#/Selenium Hub : Target Browser : ghostOS Version : 32bit
[main] DEBUG  -  Name of current test : DrugReactionForOutcomeSerious
[main] DEBUG  - Website Url : http://openfdatest.ventera.com/web/#/Selenium Hub : Target Browser : ghostOS Version : 32bit
[main] DEBUG  -  Name of current test : DrugReactionsInUS
[TestNG] DEBUG  - Website Url : http://openfdatest.ventera.com/web/#/Selenium Hub : Target Browser : ghostOS Version : 32bit
[TestNG] DEBUG  -  Name of current test : testLandingPage
[TestNG] DEBUG  - Website Url : http://openfdatest.ventera.com/web/#/Selenium Hub : Target Browser : ghostOS Version : 32bit
[TestNG] DEBUG  -  Name of current test : enterDrugDetails
[TestNG] DEBUG  - Website Url : http://openfdatest.ventera.com/web/#/Selenium Hub : Target Browser : ghostOS Version : 32bit
[TestNG] DEBUG  -  Name of current test : DrugReactionsAll
[TestNG] DEBUG  - Website Url : http://openfdatest.ventera.com/web/#/Selenium Hub : Target Browser : ghostOS Version : 32bit
[TestNG] DEBUG  -  Name of current test : DrugReactionsInUS
[TestNG] DEBUG  - Website Url : http://openfdatest.ventera.com/web/#/Selenium Hub : Target Browser : ghostOS Version : 32bit
[TestNG] DEBUG  -  Name of current test : DeleteDrug
[TestNG] DEBUG  - Website Url : http://openfdatest.ventera.com/web/#/Selenium Hub : Target Browser : ghostOS Version : 32bit
[TestNG] DEBUG  -  Name of current test : DrugReactionsForFemale
[TestNG] DEBUG  - Website Url : http://openfdatest.ventera.com/web/#/Selenium Hub : Target Browser : ghostOS Version : 32bit
[TestNG] DEBUG  -  Name of current test : DrugReactionForMale
[TestNG] DEBUG  - Website Url : http://openfdatest.ventera.com/web/#/Selenium Hub : Target Browser : ghostOS Version : 32bit
[TestNG] DEBUG  -  Name of current test : testLandingPage
[TestNG] DEBUG  - Website Url : http://openfdatest.ventera.com/web/#/Selenium Hub : Target Browser : ghostOS Version : 32bit
[TestNG] DEBUG  -  Name of current test : enterDrugDetails
[TestNG] DEBUG  - Website Url : http://openfdatest.ventera.com/web/#/Selenium Hub : Target Browser : ghostOS Version : 32bit
[TestNG] DEBUG  -  Name of current test : DrugReactionsAll
[TestNG] DEBUG  - Website Url : http://openfdatest.ventera.com/web/#/Selenium Hub : Target Browser : ghostOS Version : 32bit
[TestNG] DEBUG  -  Name of current test : DeleteDrug
[TestNG] DEBUG  - Website Url : http://openfdatest.ventera.com/web/#/Selenium Hub : Target Browser : ghostOS Version : 32bit
[TestNG] DEBUG  -  Name of current test : DrugReactionsForFemale
[TestNG] DEBUG  - Website Url : http://openfdatest.ventera.com/web/#/Selenium Hub : Target Browser : ghostOS Version : 32bit
[TestNG] DEBUG  -  Name of current test : DrugReactionForMale
[TestNG] DEBUG  - Website Url : http://openfdatest.ventera.com/web/#/Selenium Hub : Target Browser : ghostOS Version : 32bit
[TestNG] DEBUG  -  Name of current test : testLandingPage
[TestNG] DEBUG  - Website Url : http://openfdatest.ventera.com/web/#/Selenium Hub : Target Browser : ghostOS Version : 32bit
[TestNG] DEBUG  -  Name of current test : enterDrugDetails
[TestNG] DEBUG  - Website Url : http://openfdatest.ventera.com/web/#/Selenium Hub : Target Browser : ghostOS Version : 32bit
[TestNG] DEBUG  -  Name of current test : DrugReactionsAll
[TestNG] DEBUG  - Website Url : http://openfdatest.ventera.com/web/#/Selenium Hub : Target Browser : ghostOS Version : 32bit
[TestNG] DEBUG  -  Name of current test : DeleteDrug
[TestNG] DEBUG  - Website Url : http://openfdatest.ventera.com/web/#/Selenium Hub : Target Browser : ghostOS Version : 32bit
[TestNG] DEBUG  -  Name of current test : DrugReactionsForFemale
[TestNG] DEBUG  - Website Url : http://openfdatest.ventera.com/web/#/Selenium Hub : Target Browser : ghostOS Version : 32bit
[TestNG] DEBUG  -  Name of current test : DrugReactionForMale
[main] DEBUG  - Website Url : http://openfdatest.ventera.com/web/#/Selenium Hub : Target Browser : ghostOS Version : 32bit
[main] DEBUG  -  Name of current test : enterDrugDetails
[TestNG] DEBUG  - Website Url : http://openfdatest.ventera.com/web/#/Selenium Hub : Target Browser : ghostOS Version : 32bit
[TestNG] DEBUG  -  Name of current test : testLandingPage
[TestNG] DEBUG  - Website Url : http://openfdatest.ventera.com/web/#/Selenium Hub : Target Browser : ghostOS Version : 32bit
[TestNG] DEBUG  -  Name of current test : enterDrugDetails
[TestNG] DEBUG  - Website Url : http://openfdatest.ventera.com/web/#/Selenium Hub : Target Browser : ghostOS Version : 32bit
[TestNG] DEBUG  -  Name of current test : DrugReactionsAll
[TestNG] DEBUG  - Website Url : http://openfdatest.ventera.com/web/#/Selenium Hub : Target Browser : ghostOS Version : 32bit
[TestNG] DEBUG  -  Name of current test : DeleteDrug
[TestNG] DEBUG  - Website Url : http://openfdatest.ventera.com/web/#/Selenium Hub : Target Browser : ghostOS Version : 32bit
[TestNG] DEBUG  -  Name of current test : DrugReactionsForFemale
[TestNG] DEBUG  - Website Url : http://openfdatest.ventera.com/web/#/Selenium Hub : Target Browser : ghostOS Version : 32bit
[TestNG] DEBUG  -  Name of current test : DrugReactionForMale
