Wed Jun 24 23:29:57 EDT 2015  [debug] AvalonLogSystem initialized using logfile 'velocity.log'
Wed Jun 24 23:29:57 EDT 2015   [info] ************************************************************** 
Wed Jun 24 23:29:57 EDT 2015   [info] Starting Jakarta Velocity v1.4
Wed Jun 24 23:29:57 EDT 2015   [info] RuntimeInstance initializing.
Wed Jun 24 23:29:57 EDT 2015   [info] Default Properties File: org\apache\velocity\runtime\defaults\velocity.properties
Wed Jun 24 23:29:57 EDT 2015   [info] Trying to use logger class org.apache.velocity.runtime.log.AvalonLogSystem
Wed Jun 24 23:29:57 EDT 2015   [info] Using logger class org.apache.velocity.runtime.log.AvalonLogSystem
Wed Jun 24 23:29:57 EDT 2015   [info] Default ResourceManager initializing. (class org.apache.velocity.runtime.resource.ResourceManagerImpl)
Wed Jun 24 23:29:57 EDT 2015   [info] Resource Loader Instantiated: org.apache.velocity.runtime.resource.loader.ClasspathResourceLoader
Wed Jun 24 23:29:57 EDT 2015   [info] ClasspathResourceLoader : initialization starting.
Wed Jun 24 23:29:57 EDT 2015   [info] ClasspathResourceLoader : initialization complete.
Wed Jun 24 23:29:57 EDT 2015   [info] ResourceCache : initialized. (class org.apache.velocity.runtime.resource.ResourceCacheImpl)
Wed Jun 24 23:29:57 EDT 2015   [info] Default ResourceManager initialization complete.
Wed Jun 24 23:29:57 EDT 2015   [info] Loaded System Directive: org.apache.velocity.runtime.directive.Literal
Wed Jun 24 23:29:57 EDT 2015   [info] Loaded System Directive: org.apache.velocity.runtime.directive.Macro
Wed Jun 24 23:29:57 EDT 2015   [info] Loaded System Directive: org.apache.velocity.runtime.directive.Parse
Wed Jun 24 23:29:57 EDT 2015   [info] Loaded System Directive: org.apache.velocity.runtime.directive.Include
Wed Jun 24 23:29:57 EDT 2015   [info] Loaded System Directive: org.apache.velocity.runtime.directive.Foreach
Wed Jun 24 23:29:57 EDT 2015   [info] Created: 20 parsers.
Wed Jun 24 23:29:57 EDT 2015   [info] Velocimacro : initialization starting.
Wed Jun 24 23:29:57 EDT 2015   [info] Velocimacro : adding VMs from VM library template : VM_global_library.vm
Wed Jun 24 23:29:57 EDT 2015  [error] ResourceManager : unable to find resource 'VM_global_library.vm' in any resource loader.
Wed Jun 24 23:29:57 EDT 2015   [info] Velocimacro : error using  VM library template VM_global_library.vm : org.apache.velocity.exception.ResourceNotFoundException: Unable to find resource 'VM_global_library.vm'
Wed Jun 24 23:29:57 EDT 2015   [info] Velocimacro :  VM library template macro registration complete.
Wed Jun 24 23:29:57 EDT 2015   [info] Velocimacro : allowInline = true : VMs can be defined inline in templates
Wed Jun 24 23:29:57 EDT 2015   [info] Velocimacro : allowInlineToOverride = false : VMs defined inline may NOT replace previous VM definitions
Wed Jun 24 23:29:57 EDT 2015   [info] Velocimacro : allowInlineLocal = false : VMs defined inline will be  global in scope if allowed.
Wed Jun 24 23:29:57 EDT 2015   [info] Velocimacro : messages on  : VM system will output logging messages
Wed Jun 24 23:29:57 EDT 2015   [info] Velocimacro : autoload off  : VM system will not automatically reload global library macros
Wed Jun 24 23:29:57 EDT 2015   [info] Velocimacro : initialization complete.
Wed Jun 24 23:29:57 EDT 2015   [info] Velocity successfully started.
Wed Jun 24 23:30:09 EDT 2015   [info] ResourceManager : found org/uncommons/reportng/templates/html/index.html.vm with loader org.apache.velocity.runtime.resource.loader.ClasspathResourceLoader
Wed Jun 24 23:30:09 EDT 2015   [info] ResourceManager : found org/uncommons/reportng/templates/html/overview.html.vm with loader org.apache.velocity.runtime.resource.loader.ClasspathResourceLoader
Wed Jun 24 23:30:09 EDT 2015   [info] ResourceManager : found org/uncommons/reportng/templates/html/suites.html.vm with loader org.apache.velocity.runtime.resource.loader.ClasspathResourceLoader
Wed Jun 24 23:30:09 EDT 2015   [info] ResourceManager : found org/uncommons/reportng/templates/html/results.html.vm with loader org.apache.velocity.runtime.resource.loader.ClasspathResourceLoader
Wed Jun 24 23:30:09 EDT 2015   [info] ResourceManager : found org/uncommons/reportng/templates/html/class-results.html.vm with loader org.apache.velocity.runtime.resource.loader.ClasspathResourceLoader
Wed Jun 24 23:30:09 EDT 2015   [info] ResourceManager : found org/uncommons/reportng/templates/html/output.html.vm with loader org.apache.velocity.runtime.resource.loader.ClasspathResourceLoader
