2015-06-25 01:08:16,765 [Worker-4] INFO  o.e.m.c.i.l.LifecycleMappingFactory - Using org.eclipse.m2e.jdt.JarLifecycleMapping lifecycle mapping for MavenProject: com.ventera.openfda:18FPrototype:0.0.1-SNAPSHOT @ C:\development\workspace_03\18FDemo\pom.xml.
2015-06-25 01:08:20,940 [Worker-4] INFO  o.e.m.j.i.AbstractJavaProjectConfigurator - Adding source folder /18FDemo/src/main/java
2015-06-25 01:08:20,940 [Worker-4] INFO  o.e.m.j.i.AbstractJavaProjectConfigurator - Adding resource folder /18FDemo/src/main/resources
2015-06-25 01:08:20,970 [Worker-4] INFO  o.e.m.j.i.AbstractJavaProjectConfigurator - Adding source folder /18FDemo/src/test/java
2015-06-25 01:08:20,970 [Worker-4] INFO  o.e.m.j.i.AbstractJavaProjectConfigurator - Adding resource folder /18FDemo/src/test/resources
2015-06-25 01:08:21,344 [Worker-4] INFO  o.e.m.c.i.p.ProjectConfigurationManager - Imported and configured 1 project(s) in 7 sec
2015-06-25 01:08:21,994 [Worker-5] INFO  o.e.m.c.i.l.LifecycleMappingFactory - Using org.eclipse.m2e.jdt.JarLifecycleMapping lifecycle mapping for MavenProject: com.ventera.openfda:18FPrototype:0.0.1-SNAPSHOT @ C:\development\workspace_03\18FDemo\pom.xml.
2015-06-25 01:08:29,266 [Worker-2] INFO  o.e.m.c.i.l.LifecycleMappingFactory - Using org.eclipse.m2e.jdt.JarLifecycleMapping lifecycle mapping for MavenProject: com.ventera.openfda:18FPrototype:0.0.1-SNAPSHOT @ C:\development\workspace_03\18FDemo\pom.xml.
2015-06-25 01:08:30,409 [Worker-2] INFO  o.e.m.c.i.embedder.EclipseLogger - Using 'UTF-8' encoding to copy filtered resources.
2015-06-25 01:08:30,414 [Worker-2] INFO  o.e.m.c.i.embedder.EclipseLogger - Copying 8 resources
2015-06-25 01:08:32,638 [Worker-2] INFO  o.e.m.c.i.embedder.EclipseLogger - Using 'UTF-8' encoding to copy filtered resources.
2015-06-25 01:08:32,639 [Worker-2] INFO  o.e.m.c.i.embedder.EclipseLogger - Copying 8 resources
2015-06-25 01:08:33,825 [Worker-4] INFO  o.e.m.c.i.l.LifecycleMappingFactory - Using org.eclipse.m2e.jdt.JarLifecycleMapping lifecycle mapping for MavenProject: com.ventera.openfda:18FPrototype:0.0.1-SNAPSHOT @ C:\development\workspace_03\18FDemo\pom.xml.
2015-06-25 01:08:35,659 [Worker-6] INFO  o.e.m.c.i.embedder.EclipseLogger - Using 'UTF-8' encoding to copy filtered resources.
2015-06-25 01:08:35,660 [Worker-6] INFO  o.e.m.c.i.embedder.EclipseLogger - Copying 0 resource
2015-06-25 01:08:35,662 [Worker-6] INFO  o.e.m.c.i.embedder.EclipseLogger - Using 'UTF-8' encoding to copy filtered resources.
2015-06-25 01:08:35,662 [Worker-6] INFO  o.e.m.c.i.embedder.EclipseLogger - Copying 0 resource
2015-06-25 01:09:32,917 [Worker-6] INFO  o.e.m.i.launch.MavenLaunchDelegate - C:\development\workspace_03\18FDemo
2015-06-25 01:09:32,917 [Worker-6] INFO  o.e.m.i.launch.MavenLaunchDelegate -  mvn  -B install
2015-06-25 01:09:52,328 [Worker-8] INFO  o.e.m.c.i.embedder.EclipseLogger - Using 'UTF-8' encoding to copy filtered resources.
2015-06-25 01:09:52,332 [Worker-8] INFO  o.e.m.c.i.embedder.EclipseLogger - Copying 8 resources
2015-06-25 01:09:53,869 [Worker-8] INFO  o.e.m.c.i.embedder.EclipseLogger - Using 'UTF-8' encoding to copy filtered resources.
2015-06-25 01:09:53,871 [Worker-8] INFO  o.e.m.c.i.embedder.EclipseLogger - Copying 8 resources
2015-06-25 01:10:17,238 [Worker-1] INFO  o.e.m.c.i.embedder.EclipseLogger - Using 'UTF-8' encoding to copy filtered resources.
2015-06-25 01:10:17,238 [Worker-1] INFO  o.e.m.c.i.embedder.EclipseLogger - Copying 0 resource
2015-06-25 01:10:17,241 [Worker-1] INFO  o.e.m.c.i.embedder.EclipseLogger - Using 'UTF-8' encoding to copy filtered resources.
2015-06-25 01:10:17,241 [Worker-1] INFO  o.e.m.c.i.embedder.EclipseLogger - Copying 0 resource
2015-06-25 01:58:06,260 [Worker-20] INFO  o.e.m.c.i.embedder.EclipseLogger - Using 'UTF-8' encoding to copy filtered resources.
2015-06-25 01:58:06,260 [Worker-20] INFO  o.e.m.c.i.embedder.EclipseLogger - Copying 0 resource
2015-06-25 01:58:06,261 [Worker-20] INFO  o.e.m.c.i.embedder.EclipseLogger - Using 'UTF-8' encoding to copy filtered resources.
2015-06-25 01:58:06,263 [Worker-20] INFO  o.e.m.c.i.embedder.EclipseLogger - Copying 8 resources
2015-06-25 02:39:58,090 [Worker-32] INFO  o.e.m.i.launch.MavenLaunchDelegate - C:\development\workspace_03\18FDemo
2015-06-25 02:39:58,090 [Worker-32] INFO  o.e.m.i.launch.MavenLaunchDelegate -  mvn  -B install
2015-06-25 02:40:11,091 [Worker-36] INFO  o.e.m.c.i.embedder.EclipseLogger - Using 'UTF-8' encoding to copy filtered resources.
2015-06-25 02:40:11,093 [Worker-36] INFO  o.e.m.c.i.embedder.EclipseLogger - Copying 8 resources
2015-06-25 02:40:12,674 [Worker-36] INFO  o.e.m.c.i.embedder.EclipseLogger - Using 'UTF-8' encoding to copy filtered resources.
2015-06-25 02:40:12,674 [Worker-36] INFO  o.e.m.c.i.embedder.EclipseLogger - Copying 0 resource
2015-06-25 12:32:14,727 [Worker-55] INFO  o.e.m.c.i.l.LifecycleMappingFactory - Using org.eclipse.m2e.jdt.JarLifecycleMapping lifecycle mapping for MavenProject: com.ventera.openfda:18FPrototype:0.0.1-SNAPSHOT @ C:\development\workspace_03\18FDemo\pom.xml.
2015-06-25 12:32:15,509 [Worker-55] INFO  o.e.m.c.i.embedder.EclipseLogger - Using 'UTF-8' encoding to copy filtered resources.
2015-06-25 12:32:15,509 [Worker-55] INFO  o.e.m.c.i.embedder.EclipseLogger - Copying 0 resource
2015-06-25 12:32:15,511 [Worker-55] INFO  o.e.m.c.i.embedder.EclipseLogger - Using 'UTF-8' encoding to copy filtered resources.
2015-06-25 12:32:15,511 [Worker-55] INFO  o.e.m.c.i.embedder.EclipseLogger - Copying 0 resource
2015-06-25 12:32:17,352 [Worker-55] INFO  o.e.m.c.i.embedder.EclipseLogger - Using 'UTF-8' encoding to copy filtered resources.
2015-06-25 12:32:17,353 [Worker-55] INFO  o.e.m.c.i.embedder.EclipseLogger - Copying 0 resource
2015-06-25 12:32:17,354 [Worker-55] INFO  o.e.m.c.i.embedder.EclipseLogger - Using 'UTF-8' encoding to copy filtered resources.
2015-06-25 12:32:17,355 [Worker-55] INFO  o.e.m.c.i.embedder.EclipseLogger - Copying 0 resource
2015-06-25 12:32:21,572 [Worker-54] INFO  o.e.m.c.i.p.ProjectConfigurationManager - Update started
2015-06-25 12:32:21,650 [Worker-54] INFO  o.e.m.c.i.l.LifecycleMappingFactory - Using org.eclipse.m2e.jdt.JarLifecycleMapping lifecycle mapping for MavenProject: com.ventera.openfda:18FPrototype:0.0.1-SNAPSHOT @ C:\development\workspace_03\18FDemo\pom.xml.
2015-06-25 12:32:22,366 [Worker-54] INFO  o.e.m.j.i.AbstractJavaProjectConfigurator - Adding source folder /18FDemo/src/main/java
2015-06-25 12:32:22,366 [Worker-54] INFO  o.e.m.j.i.AbstractJavaProjectConfigurator - Adding resource folder /18FDemo/src/main/resources
2015-06-25 12:32:22,368 [Worker-54] INFO  o.e.m.j.i.AbstractJavaProjectConfigurator - Adding source folder /18FDemo/src/test/java
2015-06-25 12:32:22,368 [Worker-54] INFO  o.e.m.j.i.AbstractJavaProjectConfigurator - Adding resource folder /18FDemo/src/test/resources
2015-06-25 12:32:22,716 [Worker-54] INFO  o.e.m.c.i.p.ProjectConfigurationManager - Update completed: 1 sec
2015-06-25 12:32:26,849 [Worker-49] INFO  o.e.m.c.i.embedder.EclipseLogger - Using 'UTF-8' encoding to copy filtered resources.
2015-06-25 12:32:26,850 [Worker-49] INFO  o.e.m.c.i.embedder.EclipseLogger - Copying 8 resources
2015-06-25 12:32:28,489 [Worker-49] INFO  o.e.m.c.i.embedder.EclipseLogger - Using 'UTF-8' encoding to copy filtered resources.
2015-06-25 12:32:28,490 [Worker-49] INFO  o.e.m.c.i.embedder.EclipseLogger - Copying 8 resources
2015-06-25 12:32:54,772 [Worker-54] INFO  o.e.m.i.launch.MavenLaunchDelegate - C:\development\workspace_03\18FDemo
2015-06-25 12:32:54,772 [Worker-54] INFO  o.e.m.i.launch.MavenLaunchDelegate -  mvn  -B test
2015-06-25 12:33:07,178 [Worker-55] INFO  o.e.m.c.i.embedder.EclipseLogger - Using 'UTF-8' encoding to copy filtered resources.
2015-06-25 12:33:07,180 [Worker-55] INFO  o.e.m.c.i.embedder.EclipseLogger - Copying 8 resources
2015-06-25 12:33:08,539 [Worker-55] INFO  o.e.m.c.i.embedder.EclipseLogger - Using 'UTF-8' encoding to copy filtered resources.
2015-06-25 12:33:08,540 [Worker-55] INFO  o.e.m.c.i.embedder.EclipseLogger - Copying 0 resource
2015-06-25 12:33:57,660 [Worker-49] INFO  o.e.m.i.launch.MavenLaunchDelegate - C:\development\workspace_03\18FDemo
2015-06-25 12:33:57,660 [Worker-49] INFO  o.e.m.i.launch.MavenLaunchDelegate -  mvn  -B install
2015-06-25 12:34:10,832 [Worker-57] INFO  o.e.m.c.i.embedder.EclipseLogger - Using 'UTF-8' encoding to copy filtered resources.
2015-06-25 12:34:10,835 [Worker-57] INFO  o.e.m.c.i.embedder.EclipseLogger - Copying 8 resources
2015-06-25 12:34:12,229 [Worker-57] INFO  o.e.m.c.i.embedder.EclipseLogger - Using 'UTF-8' encoding to copy filtered resources.
2015-06-25 12:34:12,229 [Worker-57] INFO  o.e.m.c.i.embedder.EclipseLogger - Copying 0 resource
2015-06-25 13:28:42,259 [Worker-73] INFO  o.e.m.c.i.embedder.EclipseLogger - Using 'UTF-8' encoding to copy filtered resources.
2015-06-25 13:28:42,262 [Worker-73] INFO  o.e.m.c.i.embedder.EclipseLogger - Copying 8 resources
2015-06-25 13:28:43,647 [Worker-73] INFO  o.e.m.c.i.embedder.EclipseLogger - Using 'UTF-8' encoding to copy filtered resources.
2015-06-25 13:28:43,648 [Worker-73] INFO  o.e.m.c.i.embedder.EclipseLogger - Copying 0 resource
2015-06-25 13:28:50,438 [Worker-72] INFO  o.e.m.i.launch.MavenLaunchDelegate - C:\development\workspace_03\18FDemo
2015-06-25 13:28:50,438 [Worker-72] INFO  o.e.m.i.launch.MavenLaunchDelegate -  mvn  -B test
2015-06-25 13:29:04,705 [Worker-71] INFO  o.e.m.c.i.embedder.EclipseLogger - Using 'UTF-8' encoding to copy filtered resources.
2015-06-25 13:29:04,708 [Worker-71] INFO  o.e.m.c.i.embedder.EclipseLogger - Copying 8 resources
2015-06-25 13:29:06,086 [Worker-71] INFO  o.e.m.c.i.embedder.EclipseLogger - Using 'UTF-8' encoding to copy filtered resources.
2015-06-25 13:29:06,087 [Worker-71] INFO  o.e.m.c.i.embedder.EclipseLogger - Copying 0 resource
